d:\viayie\markdown\opencv\xvideo\src\xvideoedit\x64\debug\xvideothread.obj
d:\viayie\markdown\opencv\xvideo\src\xvideoedit\x64\debug\xvideowidget.obj
d:\viayie\markdown\opencv\xvideo\src\xvideoedit\x64\debug\main.obj
d:\viayie\markdown\opencv\xvideo\src\xvideoedit\x64\debug\\moc\moc_xvideoui.cpp
d:\viayie\markdown\opencv\xvideo\src\xvideoedit\x64\debug\\moc\moc_xvideothread.cpp
d:\viayie\markdown\opencv\xvideo\src\xvideoedit\x64\debug\\moc\moc_xvideowidget.cpp
d:\viayie\markdown\opencv\xvideo\src\xvideoedit\x64\debug\\rcc\qrc_xvideoui.cpp
d:\viayie\markdown\opencv\xvideo\src\xvideoedit\x64\debug\\uic\ui_xvideoui.h
d:\viayie\markdown\opencv\xvideo\src\xvideoedit\x64\debug\uic\ui_xvideoui.h
d:\viayie\markdown\opencv\xvideo\src\xvideoedit\x64\debug\rcc\qrc_xvideoui.cpp
d:\viayie\markdown\opencv\xvideo\src\xvideoedit\x64\debug\moc\moc_xvideoui.cpp
d:\viayie\markdown\opencv\xvideo\src\xvideoedit\x64\debug\moc\moc_xvideothread.cpp
d:\viayie\markdown\opencv\xvideo\src\xvideoedit\x64\debug\moc\moc_xvideowidget.cpp
d:\viayie\markdown\opencv\xvideo\src\xvideoedit\x64\debug\vc140.pdb
d:\viayie\markdown\opencv\xvideo\src\xvideoedit\x64\debug\xvideoedit.tlog\cl.command.1.tlog
d:\viayie\markdown\opencv\xvideo\src\xvideoedit\x64\debug\xvideoedit.tlog\cl.read.1.tlog
d:\viayie\markdown\opencv\xvideo\src\xvideoedit\x64\debug\xvideoedit.tlog\cl.write.1.tlog
d:\viayie\markdown\opencv\xvideo\src\xvideoedit\x64\debug\xvideoedit.tlog\moc.read.1u.tlog
d:\viayie\markdown\opencv\xvideo\src\xvideoedit\x64\debug\xvideoedit.tlog\moc.write.1u.tlog
d:\viayie\markdown\opencv\xvideo\src\xvideoedit\x64\debug\xvideoedit.tlog\rcc.read.1u.tlog
d:\viayie\markdown\opencv\xvideo\src\xvideoedit\x64\debug\xvideoedit.tlog\rcc.write.1u.tlog
d:\viayie\markdown\opencv\xvideo\src\xvideoedit\x64\debug\xvideoedit.tlog\uic.read.1u.tlog
d:\viayie\markdown\opencv\xvideo\src\xvideoedit\x64\debug\xvideoedit.tlog\uic.write.1u.tlog
d:\viayie\markdown\opencv\xvideo\src\xvideoedit\x64\debug\xvideoedit.tlog\xvideoedit.write.1u.tlog
